00:09:35 **** Clean-only build of configuration Debug for project hcu_ref ****
make clean 
rm -rf  ./src/l4bi/aiqiyc.o  ./src/l3app/hsmmp.o ./src/l3app/sensorairprs.o ./src/l3app/sensoralcohol.o ./src/l3app/sensorco1.o ./src/l3app/sensoremc.o ./src/l3app/sensorhcho.o ./src/l3app/sensorhumid.o ./src/l3app/sensorigm.o ./src/l3app/sensorihm.o ./src/l3app/sensoripm.o ./src/l3app/sensoriwm.o ./src/l3app/sensorlightstr.o ./src/l3app/sensornoise.o ./src/l3app/sensorpm25.o ./src/l3app/sensorpm25sharp.o ./src/l3app/sensortemp.o ./src/l3app/sensortoxicgas.o ./src/l3app/sensorwinddir.o ./src/l3app/sensorwindspd.o ./src/l3app/svrcon.o ./src/l3app/syspm.o  ./src/l2frame/avorion.o ./src/l2frame/bhcodecxml.o ./src/l2frame/bhcodeczhb.o ./src/l2frame/cloudvela.o ./src/l2frame/i2cbuslibra.o ./src/l2frame/modbus.o ./src/l2frame/nbiotcj188.o ./src/l2frame/nbiotqg376.o ./src/l2frame/spibusaries.o ./src/l2frame/spsvirgo.o  ./src/l1hwopt/usb_adc/usb-daq-v20.o ./src/l1hwopt/usb_adc/usb_daq_test.o  ./src/l1hwopt/adc.o ./src/l1hwopt/apigprs.o ./src/l1hwopt/ble.o ./src/l1hwopt/camera.o ./src/l1hwopt/con3g4g.o ./src/l1hwopt/ethernet.o ./src/l1hwopt/gpio.o ./src/l1hwopt/gps.o ./src/l1hwopt/i2c.o ./src/l1hwopt/lcd.o ./src/l1hwopt/led.o ./src/l1hwopt/microphone.o ./src/l1hwopt/motor.o ./src/l1hwopt/pwm.o ./src/l1hwopt/relay.o ./src/l1hwopt/spi.o ./src/l1hwopt/sps232.o ./src/l1hwopt/sps485.o ./src/l1hwopt/spsapi.o ./src/l1hwopt/switch.o ./src/l1hwopt/usbnet.o ./src/l1hwopt/wifi.o  ./src/l1com/hwinv.o  ./src/l0webser/ftp.o ./src/l0webser/get_time.o ./src/l0webser/http_session.o ./src/l0webser/init_socket.o ./src/l0webser/webserver.o  ./src/l0service/configxml.o ./src/l0service/mmc.o ./src/l0service/sysinfo.o ./src/l0service/timer.o ./src/l0service/trace.o  ./src/l0dbi/dbiairprs.o ./src/l0dbi/dbialcohol.o ./src/l0dbi/dbico1.o ./src/l0dbi/dbicom.o ./src/l0dbi/dbiemc.o ./src/l0dbi/dbihcho.o ./src/l0dbi/dbihsmmp.o ./src/l0dbi/dbihumid.o ./src/l0dbi/dbiigm.o ./src/l0dbi/dbiihm.o ./src/l0dbi/dbiipm.o ./src/l0dbi/dbiiwm.o ./src/l0dbi/dbilightstr.o ./src/l0dbi/dbinbiot.o ./src/l0dbi/dbinoise.o ./src/l0dbi/dbipm25.o ./src/l0dbi/dbisysperfm.o ./src/l0dbi/dbitemp.o ./src/l0dbi/dbitoxicgas.o ./src/l0dbi/dbiwinddir.o ./src/l0dbi/dbiwindspd.o  ./src/l0comvm/vmlayer.o  ./src/hcu.o ./src/hcuref.o  ./src/l4bi/aiqiyc.d  ./src/l3app/hsmmp.d ./src/l3app/sensorairprs.d ./src/l3app/sensoralcohol.d ./src/l3app/sensorco1.d ./src/l3app/sensoremc.d ./src/l3app/sensorhcho.d ./src/l3app/sensorhumid.d ./src/l3app/sensorigm.d ./src/l3app/sensorihm.d ./src/l3app/sensoripm.d ./src/l3app/sensoriwm.d ./src/l3app/sensorlightstr.d ./src/l3app/sensornoise.d ./src/l3app/sensorpm25.d ./src/l3app/sensorpm25sharp.d ./src/l3app/sensortemp.d ./src/l3app/sensortoxicgas.d ./src/l3app/sensorwinddir.d ./src/l3app/sensorwindspd.d ./src/l3app/svrcon.d ./src/l3app/syspm.d  ./src/l2frame/avorion.d ./src/l2frame/bhcodecxml.d ./src/l2frame/bhcodeczhb.d ./src/l2frame/cloudvela.d ./src/l2frame/i2cbuslibra.d ./src/l2frame/modbus.d ./src/l2frame/nbiotcj188.d ./src/l2frame/nbiotqg376.d ./src/l2frame/spibusaries.d ./src/l2frame/spsvirgo.d  ./src/l1hwopt/usb_adc/usb-daq-v20.d ./src/l1hwopt/usb_adc/usb_daq_test.d  ./src/l1hwopt/adc.d ./src/l1hwopt/apigprs.d ./src/l1hwopt/ble.d ./src/l1hwopt/camera.d ./src/l1hwopt/con3g4g.d ./src/l1hwopt/ethernet.d ./src/l1hwopt/gpio.d ./src/l1hwopt/gps.d ./src/l1hwopt/i2c.d ./src/l1hwopt/lcd.d ./src/l1hwopt/led.d ./src/l1hwopt/microphone.d ./src/l1hwopt/motor.d ./src/l1hwopt/pwm.d ./src/l1hwopt/relay.d ./src/l1hwopt/spi.d ./src/l1hwopt/sps232.d ./src/l1hwopt/sps485.d ./src/l1hwopt/spsapi.d ./src/l1hwopt/switch.d ./src/l1hwopt/usbnet.d ./src/l1hwopt/wifi.d  ./src/l1com/hwinv.d  ./src/l0webser/ftp.d ./src/l0webser/get_time.d ./src/l0webser/http_session.d ./src/l0webser/init_socket.d ./src/l0webser/webserver.d  ./src/l0service/configxml.d ./src/l0service/mmc.d ./src/l0service/sysinfo.d ./src/l0service/timer.d ./src/l0service/trace.d  ./src/l0dbi/dbiairprs.d ./src/l0dbi/dbialcohol.d ./src/l0dbi/dbico1.d ./src/l0dbi/dbicom.d ./src/l0dbi/dbiemc.d ./src/l0dbi/dbihcho.d ./src/l0dbi/dbihsmmp.d ./src/l0dbi/dbihumid.d ./src/l0dbi/dbiigm.d ./src/l0dbi/dbiihm.d ./src/l0dbi/dbiipm.d ./src/l0dbi/dbiiwm.d ./src/l0dbi/dbilightstr.d ./src/l0dbi/dbinbiot.d ./src/l0dbi/dbinoise.d ./src/l0dbi/dbipm25.d ./src/l0dbi/dbisysperfm.d ./src/l0dbi/dbitemp.d ./src/l0dbi/dbitoxicgas.d ./src/l0dbi/dbiwinddir.d ./src/l0dbi/dbiwindspd.d  ./src/l0comvm/vmlayer.d  ./src/hcu.d ./src/hcuref.d  hcu
 
00:09:36 **** Build of configuration Debug for project hcu_ref ****
make all 
Building file: ../src/l4bi/aiqiyc.c
Invoking: Cross GCC Compiler
gcc -DTARGET_LINUX_X86 -I/usr/include/libxml2 -I/usr/include/curl -I/root/ffmpeg_build/include -I/usr/local/sqlite3/include -O0 -lpthread -g3 -Wall -c -fmessage-length=0 -MMD -MP -MF"src/l4bi/aiqiyc.d" -MT"src/l4bi/aiqiyc.o" -o "src/l4bi/aiqiyc.o" "../src/l4bi/aiqiyc.c"
Finished building: ../src/l4bi/aiqiyc.c
 
Building file: ../src/l3app/hsmmp.c
Invoking: Cross GCC Compiler
gcc -DTARGET_LINUX_X86 -I/usr/include/libxml2 -I/usr/include/curl -I/root/ffmpeg_build/include -I/usr/local/sqlite3/include -O0 -lpthread -g3 -Wall -c -fmessage-length=0 -MMD -MP -MF"src/l3app/hsmmp.d" -MT"src/l3app/hsmmp.o" -o "src/l3app/hsmmp.o" "../src/l3app/hsmmp.c"
Finished building: ../src/l3app/hsmmp.c
 
Building file: ../src/l3app/sensorairprs.c
Invoking: Cross GCC Compiler
gcc -DTARGET_LINUX_X86 -I/usr/include/libxml2 -I/usr/include/curl -I/root/ffmpeg_build/include -I/usr/local/sqlite3/include -O0 -lpthread -g3 -Wall -c -fmessage-length=0 -MMD -MP -MF"src/l3app/sensorairprs.d" -MT"src/l3app/sensorairprs.o" -o "src/l3app/sensorairprs.o" "../src/l3app/sensorairprs.c"
Finished building: ../src/l3app/sensorairprs.c
 
Building file: ../src/l3app/sensoralcohol.c
Invoking: Cross GCC Compiler
gcc -DTARGET_LINUX_X86 -I/usr/include/libxml2 -I/usr/include/curl -I/root/ffmpeg_build/include -I/usr/local/sqlite3/include -O0 -lpthread -g3 -Wall -c -fmessage-length=0 -MMD -MP -MF"src/l3app/sensoralcohol.d" -MT"src/l3app/sensoralcohol.o" -o "src/l3app/sensoralcohol.o" "../src/l3app/sensoralcohol.c"
Finished building: ../src/l3app/sensoralcohol.c
 
Building file: ../src/l3app/sensorco1.c
Invoking: Cross GCC Compiler
gcc -DTARGET_LINUX_X86 -I/usr/include/libxml2 -I/usr/include/curl -I/root/ffmpeg_build/include -I/usr/local/sqlite3/include -O0 -lpthread -g3 -Wall -c -fmessage-length=0 -MMD -MP -MF"src/l3app/sensorco1.d" -MT"src/l3app/sensorco1.o" -o "src/l3app/sensorco1.o" "../src/l3app/sensorco1.c"
Finished building: ../src/l3app/sensorco1.c
 
Building file: ../src/l3app/sensoremc.c
Invoking: Cross GCC Compiler
gcc -DTARGET_LINUX_X86 -I/usr/include/libxml2 -I/usr/include/curl -I/root/ffmpeg_build/include -I/usr/local/sqlite3/include -O0 -lpthread -g3 -Wall -c -fmessage-length=0 -MMD -MP -MF"src/l3app/sensoremc.d" -MT"src/l3app/sensoremc.o" -o "src/l3app/sensoremc.o" "../src/l3app/sensoremc.c"
Finished building: ../src/l3app/sensoremc.c
 
Building file: ../src/l3app/sensorhcho.c
Invoking: Cross GCC Compiler
gcc -DTARGET_LINUX_X86 -I/usr/include/libxml2 -I/usr/include/curl -I/root/ffmpeg_build/include -I/usr/local/sqlite3/include -O0 -lpthread -g3 -Wall -c -fmessage-length=0 -MMD -MP -MF"src/l3app/sensorhcho.d" -MT"src/l3app/sensorhcho.o" -o "src/l3app/sensorhcho.o" "../src/l3app/sensorhcho.c"
Finished building: ../src/l3app/sensorhcho.c
 
Building file: ../src/l3app/sensorhumid.c
Invoking: Cross GCC Compiler
gcc -DTARGET_LINUX_X86 -I/usr/include/libxml2 -I/usr/include/curl -I/root/ffmpeg_build/include -I/usr/local/sqlite3/include -O0 -lpthread -g3 -Wall -c -fmessage-length=0 -MMD -MP -MF"src/l3app/sensorhumid.d" -MT"src/l3app/sensorhumid.o" -o "src/l3app/sensorhumid.o" "../src/l3app/sensorhumid.c"
Finished building: ../src/l3app/sensorhumid.c
 
Building file: ../src/l3app/sensorigm.c
Invoking: Cross GCC Compiler
gcc -DTARGET_LINUX_X86 -I/usr/include/libxml2 -I/usr/include/curl -I/root/ffmpeg_build/include -I/usr/local/sqlite3/include -O0 -lpthread -g3 -Wall -c -fmessage-length=0 -MMD -MP -MF"src/l3app/sensorigm.d" -MT"src/l3app/sensorigm.o" -o "src/l3app/sensorigm.o" "../src/l3app/sensorigm.c"
Finished building: ../src/l3app/sensorigm.c
 
Building file: ../src/l3app/sensorihm.c
Invoking: Cross GCC Compiler
gcc -DTARGET_LINUX_X86 -I/usr/include/libxml2 -I/usr/include/curl -I/root/ffmpeg_build/include -I/usr/local/sqlite3/include -O0 -lpthread -g3 -Wall -c -fmessage-length=0 -MMD -MP -MF"src/l3app/sensorihm.d" -MT"src/l3app/sensorihm.o" -o "src/l3app/sensorihm.o" "../src/l3app/sensorihm.c"
Finished building: ../src/l3app/sensorihm.c
 
Building file: ../src/l3app/sensoripm.c
Invoking: Cross GCC Compiler
gcc -DTARGET_LINUX_X86 -I/usr/include/libxml2 -I/usr/include/curl -I/root/ffmpeg_build/include -I/usr/local/sqlite3/include -O0 -lpthread -g3 -Wall -c -fmessage-length=0 -MMD -MP -MF"src/l3app/sensoripm.d" -MT"src/l3app/sensoripm.o" -o "src/l3app/sensoripm.o" "../src/l3app/sensoripm.c"
Finished building: ../src/l3app/sensoripm.c
 
Building file: ../src/l3app/sensoriwm.c
Invoking: Cross GCC Compiler
gcc -DTARGET_LINUX_X86 -I/usr/include/libxml2 -I/usr/include/curl -I/root/ffmpeg_build/include -I/usr/local/sqlite3/include -O0 -lpthread -g3 -Wall -c -fmessage-length=0 -MMD -MP -MF"src/l3app/sensoriwm.d" -MT"src/l3app/sensoriwm.o" -o "src/l3app/sensoriwm.o" "../src/l3app/sensoriwm.c"
Finished building: ../src/l3app/sensoriwm.c
 
Building file: ../src/l3app/sensorlightstr.c
Invoking: Cross GCC Compiler
gcc -DTARGET_LINUX_X86 -I/usr/include/libxml2 -I/usr/include/curl -I/root/ffmpeg_build/include -I/usr/local/sqlite3/include -O0 -lpthread -g3 -Wall -c -fmessage-length=0 -MMD -MP -MF"src/l3app/sensorlightstr.d" -MT"src/l3app/sensorlightstr.o" -o "src/l3app/sensorlightstr.o" "../src/l3app/sensorlightstr.c"
Finished building: ../src/l3app/sensorlightstr.c
 
Building file: ../src/l3app/sensornoise.c
Invoking: Cross GCC Compiler
gcc -DTARGET_LINUX_X86 -I/usr/include/libxml2 -I/usr/include/curl -I/root/ffmpeg_build/include -I/usr/local/sqlite3/include -O0 -lpthread -g3 -Wall -c -fmessage-length=0 -MMD -MP -MF"src/l3app/sensornoise.d" -MT"src/l3app/sensornoise.o" -o "src/l3app/sensornoise.o" "../src/l3app/sensornoise.c"
Finished building: ../src/l3app/sensornoise.c
 
Building file: ../src/l3app/sensorpm25.c
Invoking: Cross GCC Compiler
gcc -DTARGET_LINUX_X86 -I/usr/include/libxml2 -I/usr/include/curl -I/root/ffmpeg_build/include -I/usr/local/sqlite3/include -O0 -lpthread -g3 -Wall -c -fmessage-length=0 -MMD -MP -MF"src/l3app/sensorpm25.d" -MT"src/l3app/sensorpm25.o" -o "src/l3app/sensorpm25.o" "../src/l3app/sensorpm25.c"
Finished building: ../src/l3app/sensorpm25.c
 
Building file: ../src/l3app/sensorpm25sharp.c
Invoking: Cross GCC Compiler
gcc -DTARGET_LINUX_X86 -I/usr/include/libxml2 -I/usr/include/curl -I/root/ffmpeg_build/include -I/usr/local/sqlite3/include -O0 -lpthread -g3 -Wall -c -fmessage-length=0 -MMD -MP -MF"src/l3app/sensorpm25sharp.d" -MT"src/l3app/sensorpm25sharp.o" -o "src/l3app/sensorpm25sharp.o" "../src/l3app/sensorpm25sharp.c"
../src/l3app/sensorpm25sharp.c: In function ‘func_pm25sharp_read_data’:
../src/l3app/sensorpm25sharp.c:231:2: warning: implicit declaration of function ‘hcu_sps485_serial_port_get’ [-Wimplicit-function-declaration]
  nread = hcu_sps485_serial_port_get(&gSerialPortForPm25Sharp, &received_single_byte, 1);
  ^
Finished building: ../src/l3app/sensorpm25sharp.c
 
Building file: ../src/l3app/sensortemp.c
Invoking: Cross GCC Compiler
gcc -DTARGET_LINUX_X86 -I/usr/include/libxml2 -I/usr/include/curl -I/root/ffmpeg_build/include -I/usr/local/sqlite3/include -O0 -lpthread -g3 -Wall -c -fmessage-length=0 -MMD -MP -MF"src/l3app/sensortemp.d" -MT"src/l3app/sensortemp.o" -o "src/l3app/sensortemp.o" "../src/l3app/sensortemp.c"
Finished building: ../src/l3app/sensortemp.c
 
Building file: ../src/l3app/sensortoxicgas.c
Invoking: Cross GCC Compiler
gcc -DTARGET_LINUX_X86 -I/usr/include/libxml2 -I/usr/include/curl -I/root/ffmpeg_build/include -I/usr/local/sqlite3/include -O0 -lpthread -g3 -Wall -c -fmessage-length=0 -MMD -MP -MF"src/l3app/sensortoxicgas.d" -MT"src/l3app/sensortoxicgas.o" -o "src/l3app/sensortoxicgas.o" "../src/l3app/sensortoxicgas.c"
Finished building: ../src/l3app/sensortoxicgas.c
 
Building file: ../src/l3app/sensorwinddir.c
Invoking: Cross GCC Compiler
gcc -DTARGET_LINUX_X86 -I/usr/include/libxml2 -I/usr/include/curl -I/root/ffmpeg_build/include -I/usr/local/sqlite3/include -O0 -lpthread -g3 -Wall -c -fmessage-length=0 -MMD -MP -MF"src/l3app/sensorwinddir.d" -MT"src/l3app/sensorwinddir.o" -o "src/l3app/sensorwinddir.o" "../src/l3app/sensorwinddir.c"
Finished building: ../src/l3app/sensorwinddir.c
 
Building file: ../src/l3app/sensorwindspd.c
Invoking: Cross GCC Compiler
gcc -DTARGET_LINUX_X86 -I/usr/include/libxml2 -I/usr/include/curl -I/root/ffmpeg_build/include -I/usr/local/sqlite3/include -O0 -lpthread -g3 -Wall -c -fmessage-length=0 -MMD -MP -MF"src/l3app/sensorwindspd.d" -MT"src/l3app/sensorwindspd.o" -o "src/l3app/sensorwindspd.o" "../src/l3app/sensorwindspd.c"
Finished building: ../src/l3app/sensorwindspd.c
 
Building file: ../src/l3app/svrcon.c
Invoking: Cross GCC Compiler
gcc -DTARGET_LINUX_X86 -I/usr/include/libxml2 -I/usr/include/curl -I/root/ffmpeg_build/include -I/usr/local/sqlite3/include -O0 -lpthread -g3 -Wall -c -fmessage-length=0 -MMD -MP -MF"src/l3app/svrcon.d" -MT"src/l3app/svrcon.o" -o "src/l3app/svrcon.o" "../src/l3app/svrcon.c"
Finished building: ../src/l3app/svrcon.c
 
Building file: ../src/l3app/syspm.c
Invoking: Cross GCC Compiler
gcc -DTARGET_LINUX_X86 -I/usr/include/libxml2 -I/usr/include/curl -I/root/ffmpeg_build/include -I/usr/local/sqlite3/include -O0 -lpthread -g3 -Wall -c -fmessage-length=0 -MMD -MP -MF"src/l3app/syspm.d" -MT"src/l3app/syspm.o" -o "src/l3app/syspm.o" "../src/l3app/syspm.c"
../src/l3app/syspm.c: In function ‘fsm_syspm_time_out’:
../src/l3app/syspm.c:198:3: warning: implicit declaration of function ‘dbi_HcuSyspmGlobalDataInfo_save’ [-Wimplicit-function-declaration]
   if (dbi_HcuSyspmGlobalDataInfo_save() == FAILURE) zHcuRunErrCnt[TASK_ID_SYSPM]++;
   ^
Finished building: ../src/l3app/syspm.c
 
Building file: ../src/l2frame/avorion.c
Invoking: Cross GCC Compiler
gcc -DTARGET_LINUX_X86 -I/usr/include/libxml2 -I/usr/include/curl -I/root/ffmpeg_build/include -I/usr/local/sqlite3/include -O0 -lpthread -g3 -Wall -c -fmessage-length=0 -MMD -MP -MF"src/l2frame/avorion.d" -MT"src/l2frame/avorion.o" -o "src/l2frame/avorion.o" "../src/l2frame/avorion.c"
../src/l2frame/avorion.c: In function ‘func_avorion_ffmpeg_capture_and_save’:
../src/l2frame/avorion.c:1152:2: warning: ‘avpicture_get_size’ is deprecated (declared at /root/ffmpeg_build/include/libavcodec/avcodec.h:4910) [-Wdeprecated-declarations]
  numBytesAvorion = avpicture_get_size(AVORION_STREAM_PIX_FMT_DEFAULT, pCodecCtxAvorion->width, pCodecCtxAvorion->height);  //PIX_FMT_YUV420P
  ^
../src/l2frame/avorion.c:1156:2: warning: ‘avpicture_fill’ is deprecated (declared at /root/ffmpeg_build/include/libavcodec/avcodec.h:4895) [-Wdeprecated-declarations]
  avpicture_fill((AVPicture *)pFrameYUVmid, bufferAvorion, AVORION_STREAM_PIX_FMT_DEFAULT, pCodecCtxAvorion->width, pCodecCtxAvorion->height); //PIX_FMT_YUV420P
  ^
../src/l2frame/avorion.c:1314:5: warning: ‘avpicture_get_size’ is deprecated (declared at /root/ffmpeg_build/include/libavcodec/avcodec.h:4910) [-Wdeprecated-declarations]
     picture_size = avpicture_get_size(pCodecCtxOutput->pix_fmt, pCodecCtxOutput->width, pCodecCtxOutput->height);
     ^
../src/l2frame/avorion.c:1320:5: warning: ‘avpicture_fill’ is deprecated (declared at /root/ffmpeg_build/include/libavcodec/avcodec.h:4895) [-Wdeprecated-declarations]
     avpicture_fill((AVPicture *)pFrameOutput, bufferOutput, pCodecCtxOutput->pix_fmt, pCodecCtxOutput->width, pCodecCtxOutput->height);
     ^
../src/l2frame/avorion.c:1485:7: warning: ‘av_free_packet’ is deprecated (declared at /root/ffmpeg_build/include/libavcodec/avcodec.h:4052) [-Wdeprecated-declarations]
       if (packetOutput !=NULL) av_free_packet(packetOutput);
       ^
../src/l2frame/avorion.c:1496:4: warning: ‘av_free_packet’ is deprecated (declared at /root/ffmpeg_build/include/libavcodec/avcodec.h:4052) [-Wdeprecated-declarations]
    if (packetAvorion !=NULL) av_free_packet(packetAvorion);
    ^
../src/l2frame/avorion.c:1715:3: warning: ‘av_free_packet’ is deprecated (declared at /root/ffmpeg_build/include/libavcodec/avcodec.h:4052) [-Wdeprecated-declarations]
   av_free_packet(&pkt);
   ^
../src/l2frame/avorion.c:1565:9: warning: variable ‘cur_pts_v’ set but not used [-Wunused-but-set-variable]
  double cur_pts_v=0;
         ^
../src/l2frame/avorion.c:1323:26: warning: ignoring return value of ‘avformat_write_header’, declared with attribute warn_unused_result [-Wunused-result]
     avformat_write_header(pFormatCtxOutput, NULL);
                          ^
Finished building: ../src/l2frame/avorion.c
 
Building file: ../src/l2frame/bhcodecxml.c
Invoking: Cross GCC Compiler
gcc -DTARGET_LINUX_X86 -I/usr/include/libxml2 -I/usr/include/curl -I/root/ffmpeg_build/include -I/usr/local/sqlite3/include -O0 -lpthread -g3 -Wall -c -fmessage-length=0 -MMD -MP -MF"src/l2frame/bhcodecxml.d" -MT"src/l2frame/bhcodecxml.o" -o "src/l2frame/bhcodecxml.o" "../src/l2frame/bhcodecxml.c"
Finished building: ../src/l2frame/bhcodecxml.c
 
Building file: ../src/l2frame/bhcodeczhb.c
Invoking: Cross GCC Compiler
gcc -DTARGET_LINUX_X86 -I/usr/include/libxml2 -I/usr/include/curl -I/root/ffmpeg_build/include -I/usr/local/sqlite3/include -O0 -lpthread -g3 -Wall -c -fmessage-length=0 -MMD -MP -MF"src/l2frame/bhcodeczhb.d" -MT"src/l2frame/bhcodeczhb.o" -o "src/l2frame/bhcodeczhb.o" "../src/l2frame/bhcodeczhb.c"
Finished building: ../src/l2frame/bhcodeczhb.c
 
Building file: ../src/l2frame/cloudvela.c
Invoking: Cross GCC Compiler
gcc -DTARGET_LINUX_X86 -I/usr/include/libxml2 -I/usr/include/curl -I/root/ffmpeg_build/include -I/usr/local/sqlite3/include -O0 -lpthread -g3 -Wall -c -fmessage-length=0 -MMD -MP -MF"src/l2frame/cloudvela.d" -MT"src/l2frame/cloudvela.o" -o "src/l2frame/cloudvela.o" "../src/l2frame/cloudvela.c"
Finished building: ../src/l2frame/cloudvela.c
 
Building file: ../src/l2frame/i2cbuslibra.c
Invoking: Cross GCC Compiler
gcc -DTARGET_LINUX_X86 -I/usr/include/libxml2 -I/usr/include/curl -I/root/ffmpeg_build/include -I/usr/local/sqlite3/include -O0 -lpthread -g3 -Wall -c -fmessage-length=0 -MMD -MP -MF"src/l2frame/i2cbuslibra.d" -MT"src/l2frame/i2cbuslibra.o" -o "src/l2frame/i2cbuslibra.o" "../src/l2frame/i2cbuslibra.c"
Finished building: ../src/l2frame/i2cbuslibra.c
 
Building file: ../src/l2frame/modbus.c
Invoking: Cross GCC Compiler
gcc -DTARGET_LINUX_X86 -I/usr/include/libxml2 -I/usr/include/curl -I/root/ffmpeg_build/include -I/usr/local/sqlite3/include -O0 -lpthread -g3 -Wall -c -fmessage-length=0 -MMD -MP -MF"src/l2frame/modbus.d" -MT"src/l2frame/modbus.o" -o "src/l2frame/modbus.o" "../src/l2frame/modbus.c"
Finished building: ../src/l2frame/modbus.c
 
Building file: ../src/l2frame/nbiotcj188.c
Invoking: Cross GCC Compiler
gcc -DTARGET_LINUX_X86 -I/usr/include/libxml2 -I/usr/include/curl -I/root/ffmpeg_build/include -I/usr/local/sqlite3/include -O0 -lpthread -g3 -Wall -c -fmessage-length=0 -MMD -MP -MF"src/l2frame/nbiotcj188.d" -MT"src/l2frame/nbiotcj188.o" -o "src/l2frame/nbiotcj188.o" "../src/l2frame/nbiotcj188.c"
Finished building: ../src/l2frame/nbiotcj188.c
 
Building file: ../src/l2frame/nbiotqg376.c
Invoking: Cross GCC Compiler
gcc -DTARGET_LINUX_X86 -I/usr/include/libxml2 -I/usr/include/curl -I/root/ffmpeg_build/include -I/usr/local/sqlite3/include -O0 -lpthread -g3 -Wall -c -fmessage-length=0 -MMD -MP -MF"src/l2frame/nbiotqg376.d" -MT"src/l2frame/nbiotqg376.o" -o "src/l2frame/nbiotqg376.o" "../src/l2frame/nbiotqg376.c"
Finished building: ../src/l2frame/nbiotqg376.c
 
Building file: ../src/l2frame/spibusaries.c
Invoking: Cross GCC Compiler
gcc -DTARGET_LINUX_X86 -I/usr/include/libxml2 -I/usr/include/curl -I/root/ffmpeg_build/include -I/usr/local/sqlite3/include -O0 -lpthread -g3 -Wall -c -fmessage-length=0 -MMD -MP -MF"src/l2frame/spibusaries.d" -MT"src/l2frame/spibusaries.o" -o "src/l2frame/spibusaries.o" "../src/l2frame/spibusaries.c"
Finished building: ../src/l2frame/spibusaries.c
 
Building file: ../src/l2frame/spsvirgo.c
Invoking: Cross GCC Compiler
gcc -DTARGET_LINUX_X86 -I/usr/include/libxml2 -I/usr/include/curl -I/root/ffmpeg_build/include -I/usr/local/sqlite3/include -O0 -lpthread -g3 -Wall -c -fmessage-length=0 -MMD -MP -MF"src/l2frame/spsvirgo.d" -MT"src/l2frame/spsvirgo.o" -o "src/l2frame/spsvirgo.o" "../src/l2frame/spsvirgo.c"
Finished building: ../src/l2frame/spsvirgo.c
 
Building file: ../src/l1hwopt/usb_adc/usb-daq-v20.c
Invoking: Cross GCC Compiler
gcc -DTARGET_LINUX_X86 -I/usr/include/libxml2 -I/usr/include/curl -I/root/ffmpeg_build/include -I/usr/local/sqlite3/include -O0 -lpthread -g3 -Wall -c -fmessage-length=0 -MMD -MP -MF"src/l1hwopt/usb_adc/usb-daq-v20.d" -MT"src/l1hwopt/usb_adc/usb-daq-v20.o" -o "src/l1hwopt/usb_adc/usb-daq-v20.o" "../src/l1hwopt/usb_adc/usb-daq-v20.c"
Finished building: ../src/l1hwopt/usb_adc/usb-daq-v20.c
 
Building file: ../src/l1hwopt/usb_adc/usb_daq_test.c
Invoking: Cross GCC Compiler
gcc -DTARGET_LINUX_X86 -I/usr/include/libxml2 -I/usr/include/curl -I/root/ffmpeg_build/include -I/usr/local/sqlite3/include -O0 -lpthread -g3 -Wall -c -fmessage-length=0 -MMD -MP -MF"src/l1hwopt/usb_adc/usb_daq_test.d" -MT"src/l1hwopt/usb_adc/usb_daq_test.o" -o "src/l1hwopt/usb_adc/usb_daq_test.o" "../src/l1hwopt/usb_adc/usb_daq_test.c"
Finished building: ../src/l1hwopt/usb_adc/usb_daq_test.c
 
Building file: ../src/l1hwopt/adc.c
Invoking: Cross GCC Compiler
gcc -DTARGET_LINUX_X86 -I/usr/include/libxml2 -I/usr/include/curl -I/root/ffmpeg_build/include -I/usr/local/sqlite3/include -O0 -lpthread -g3 -Wall -c -fmessage-length=0 -MMD -MP -MF"src/l1hwopt/adc.d" -MT"src/l1hwopt/adc.o" -o "src/l1hwopt/adc.o" "../src/l1hwopt/adc.c"
Finished building: ../src/l1hwopt/adc.c
 
Building file: ../src/l1hwopt/apigprs.c
Invoking: Cross GCC Compiler
gcc -DTARGET_LINUX_X86 -I/usr/include/libxml2 -I/usr/include/curl -I/root/ffmpeg_build/include -I/usr/local/sqlite3/include -O0 -lpthread -g3 -Wall -c -fmessage-length=0 -MMD -MP -MF"src/l1hwopt/apigprs.d" -MT"src/l1hwopt/apigprs.o" -o "src/l1hwopt/apigprs.o" "../src/l1hwopt/apigprs.c"
../src/l1hwopt/apigprs.c: In function ‘GprsPppdStart’:
../src/l1hwopt/apigprs.c:257:2: warning: implicit declaration of function ‘IsGprsPppdOk’ [-Wimplicit-function-declaration]
  ret = IsGprsPppdOk();
  ^
../src/l1hwopt/apigprs.c:266:2: warning: implicit declaration of function ‘HcuGetSysInfo’ [-Wimplicit-function-declaration]
  ret = HcuGetSysInfo(&gSysInfo);
  ^
../src/l1hwopt/apigprs.c: In function ‘GprsHwReset’:
../src/l1hwopt/apigprs.c:293:4: warning: implicit declaration of function ‘GpioPortOp’ [-Wimplicit-function-declaration]
    GpioPortOp(gpc->HwResetPortOp1);
    ^
../src/l1hwopt/apigprs.c: In function ‘GprsPppdSwShutdown’:
../src/l1hwopt/apigprs.c:426:2: warning: implicit declaration of function ‘IsNetItfExist’ [-Wimplicit-function-declaration]
  ret = IsNetItfExist("ppp0");
  ^
../src/l1hwopt/apigprs.c:434:2: warning: implicit declaration of function ‘KillPppdProcess’ [-Wimplicit-function-declaration]
  KillPppdProcess();
  ^
../src/l1hwopt/apigprs.c: In function ‘AtCommand’:
../src/l1hwopt/apigprs.c:457:9: warning: variable ‘len’ set but not used [-Wunused-but-set-variable]
  UINT32 len = 0;
         ^
Finished building: ../src/l1hwopt/apigprs.c
 
Building file: ../src/l1hwopt/ble.c
Invoking: Cross GCC Compiler
gcc -DTARGET_LINUX_X86 -I/usr/include/libxml2 -I/usr/include/curl -I/root/ffmpeg_build/include -I/usr/local/sqlite3/include -O0 -lpthread -g3 -Wall -c -fmessage-length=0 -MMD -MP -MF"src/l1hwopt/ble.d" -MT"src/l1hwopt/ble.o" -o "src/l1hwopt/ble.o" "../src/l1hwopt/ble.c"
Finished building: ../src/l1hwopt/ble.c
 
Building file: ../src/l1hwopt/camera.c
Invoking: Cross GCC Compiler
gcc -DTARGET_LINUX_X86 -I/usr/include/libxml2 -I/usr/include/curl -I/root/ffmpeg_build/include -I/usr/local/sqlite3/include -O0 -lpthread -g3 -Wall -c -fmessage-length=0 -MMD -MP -MF"src/l1hwopt/camera.d" -MT"src/l1hwopt/camera.o" -o "src/l1hwopt/camera.o" "../src/l1hwopt/camera.c"
../src/l1hwopt/camera.c: In function ‘func_camera_open_video’:
../src/l1hwopt/camera.c:1627:5: warning: ‘avpicture_alloc’ is deprecated (declared at /root/ffmpeg_build/include/libavcodec/avcodec.h:4883) [-Wdeprecated-declarations]
     ret = avpicture_alloc(&dst_picture, c->pix_fmt, c->width, c->height);
     ^
../src/l1hwopt/camera.c:1637:9: warning: ‘avpicture_alloc’ is deprecated (declared at /root/ffmpeg_build/include/libavcodec/avcodec.h:4883) [-Wdeprecated-declarations]
         ret = avpicture_alloc(&src_picture, AV_PIX_FMT_YUV420P, c->width, c->height);
         ^
../src/l1hwopt/camera.c: In function ‘func_camera_fill_yuv_image’:
../src/l1hwopt/camera.c:1658:13: warning: ‘data’ is deprecated (declared at /root/ffmpeg_build/include/libavcodec/avcodec.h:3680) [-Wdeprecated-declarations]
             pict->data[0][y * pict->linesize[0] + x] = x + y + i * 3;
             ^
../src/l1hwopt/camera.c:1658:13: warning: ‘linesize’ is deprecated (declared at /root/ffmpeg_build/include/libavcodec/avcodec.h:3682) [-Wdeprecated-declarations]
../src/l1hwopt/camera.c:1663:13: warning: ‘data’ is deprecated (declared at /root/ffmpeg_build/include/libavcodec/avcodec.h:3680) [-Wdeprecated-declarations]
             pict->data[1][y * pict->linesize[1] + x] = 128 + y + i * 2;
             ^
../src/l1hwopt/camera.c:1663:13: warning: ‘linesize’ is deprecated (declared at /root/ffmpeg_build/include/libavcodec/avcodec.h:3682) [-Wdeprecated-declarations]
../src/l1hwopt/camera.c:1664:13: warning: ‘data’ is deprecated (declared at /root/ffmpeg_build/include/libavcodec/avcodec.h:3680) [-Wdeprecated-declarations]
             pict->data[2][y * pict->linesize[2] + x] = 64 + x + i * 5;
             ^
../src/l1hwopt/camera.c:1664:13: warning: ‘linesize’ is deprecated (declared at /root/ffmpeg_build/include/libavcodec/avcodec.h:3682) [-Wdeprecated-declarations]
../src/l1hwopt/camera.c: In function ‘func_camera_write_video_frame’:
../src/l1hwopt/camera.c:1695:23: warning: ‘data’ is deprecated (declared at /root/ffmpeg_build/include/libavcodec/avcodec.h:3680) [-Wdeprecated-declarations]
                       (const UINT8 * const *)src_picture.data, src_picture.linesize,
                       ^
../src/l1hwopt/camera.c:1695:23: warning: ‘linesize’ is deprecated (declared at /root/ffmpeg_build/include/libavcodec/avcodec.h:3682) [-Wdeprecated-declarations]
../src/l1hwopt/camera.c:1696:23: warning: ‘data’ is deprecated (declared at /root/ffmpeg_build/include/libavcodec/avcodec.h:3680) [-Wdeprecated-declarations]
                       0, c->height, dst_picture.data, dst_picture.linesize);
                       ^
../src/l1hwopt/camera.c:1696:23: warning: ‘linesize’ is deprecated (declared at /root/ffmpeg_build/include/libavcodec/avcodec.h:3682) [-Wdeprecated-declarations]
../src/l1hwopt/camera.c:1709:9: warning: ‘data’ is deprecated (declared at /root/ffmpeg_build/include/libavcodec/avcodec.h:3680) [-Wdeprecated-declarations]
         pkt.data          = dst_picture.data[0];
         ^
../src/l1hwopt/camera.c:1730:13: warning: ‘coded_frame’ is deprecated (declared at /root/ffmpeg_build/include/libavcodec/avcodec.h:2957) [-Wdeprecated-declarations]
             if (c->coded_frame->key_frame);//(c->coded_frame->key_frame)
             ^
../src/l1hwopt/camera.c: In function ‘func_camera_close_video’:
../src/l1hwopt/camera.c:1751:5: warning: ‘data’ is deprecated (declared at /root/ffmpeg_build/include/libavcodec/avcodec.h:3680) [-Wdeprecated-declarations]
     av_free(src_picture.data[0]);
     ^
../src/l1hwopt/camera.c:1752:5: warning: ‘data’ is deprecated (declared at /root/ffmpeg_build/include/libavcodec/avcodec.h:3680) [-Wdeprecated-declarations]
     av_free(dst_picture.data[0]);
     ^
../src/l1hwopt/camera.c: In function ‘func_camera_write_output_file’:
../src/l1hwopt/camera.c:1836:13: warning: ‘pts’ is deprecated (declared at /root/ffmpeg_build/include/libavformat/avformat.h:883) [-Wdeprecated-declarations]
             audio_pts = (double)audio_st->pts.val * audio_st->time_base.num / audio_st->time_base.den;
             ^
../src/l1hwopt/camera.c:1841:13: warning: ‘pts’ is deprecated (declared at /root/ffmpeg_build/include/libavformat/avformat.h:883) [-Wdeprecated-declarations]
             video_pts = (double)video_st->pts.val * video_st->time_base.num /
             ^
Finished building: ../src/l1hwopt/camera.c
 
Building file: ../src/l1hwopt/con3g4g.c
Invoking: Cross GCC Compiler
gcc -DTARGET_LINUX_X86 -I/usr/include/libxml2 -I/usr/include/curl -I/root/ffmpeg_build/include -I/usr/local/sqlite3/include -O0 -lpthread -g3 -Wall -c -fmessage-length=0 -MMD -MP -MF"src/l1hwopt/con3g4g.d" -MT"src/l1hwopt/con3g4g.o" -o "src/l1hwopt/con3g4g.o" "../src/l1hwopt/con3g4g.c"
../src/l1hwopt/con3g4g.c: In function ‘UsbUmtsPppdStart’:
../src/l1hwopt/con3g4g.c:255:3: warning: implicit declaration of function ‘IsGprsPppdOk’ [-Wimplicit-function-declaration]
   ret = IsGprsPppdOk();
   ^
../src/l1hwopt/con3g4g.c:345:4: warning: implicit declaration of function ‘HcuGetSysInfo’ [-Wimplicit-function-declaration]
    HcuGetSysInfo(&gSysInfo);
    ^
../src/l1hwopt/con3g4g.c:347:4: warning: implicit declaration of function ‘IsNetItfExist’ [-Wimplicit-function-declaration]
    IsNetItfExist("ppp0");
    ^
../src/l1hwopt/con3g4g.c: In function ‘UsbUmtsPppdSwShutdown’:
../src/l1hwopt/con3g4g.c:397:2: warning: implicit declaration of function ‘KillPppdProcess’ [-Wimplicit-function-declaration]
  KillPppdProcess();
  ^
../src/l1hwopt/con3g4g.c: In function ‘UsbUmtsCardInit’:
../src/l1hwopt/con3g4g.c:537:7: warning: unused variable ‘buf’ [-Wunused-variable]
  char buf[1024];
       ^
../src/l1hwopt/con3g4g.c: In function ‘UsbUmtsAtCommand’:
../src/l1hwopt/con3g4g.c:724:9: warning: variable ‘len’ set but not used [-Wunused-but-set-variable]
  UINT32 len = 0;
         ^
Finished building: ../src/l1hwopt/con3g4g.c
 
Building file: ../src/l1hwopt/ethernet.c
Invoking: Cross GCC Compiler
gcc -DTARGET_LINUX_X86 -I/usr/include/libxml2 -I/usr/include/curl -I/root/ffmpeg_build/include -I/usr/local/sqlite3/include -O0 -lpthread -g3 -Wall -c -fmessage-length=0 -MMD -MP -MF"src/l1hwopt/ethernet.d" -MT"src/l1hwopt/ethernet.o" -o "src/l1hwopt/ethernet.o" "../src/l1hwopt/ethernet.c"
Finished building: ../src/l1hwopt/ethernet.c
 
Building file: ../src/l1hwopt/gpio.c
Invoking: Cross GCC Compiler
gcc -DTARGET_LINUX_X86 -I/usr/include/libxml2 -I/usr/include/curl -I/root/ffmpeg_build/include -I/usr/local/sqlite3/include -O0 -lpthread -g3 -Wall -c -fmessage-length=0 -MMD -MP -MF"src/l1hwopt/gpio.d" -MT"src/l1hwopt/gpio.o" -o "src/l1hwopt/gpio.o" "../src/l1hwopt/gpio.c"
../src/l1hwopt/gpio.c:428:13: warning: ‘print_n’ defined but not used [-Wunused-function]
 static void print_n(const char *name, int last)
             ^
../src/l1hwopt/gpio.c:598:13: warning: ‘dump_all’ defined but not used [-Wunused-function]
 static void dump_all(void)
             ^
Finished building: ../src/l1hwopt/gpio.c
 
Building file: ../src/l1hwopt/gps.c
Invoking: Cross GCC Compiler
gcc -DTARGET_LINUX_X86 -I/usr/include/libxml2 -I/usr/include/curl -I/root/ffmpeg_build/include -I/usr/local/sqlite3/include -O0 -lpthread -g3 -Wall -c -fmessage-length=0 -MMD -MP -MF"src/l1hwopt/gps.d" -MT"src/l1hwopt/gps.o" -o "src/l1hwopt/gps.o" "../src/l1hwopt/gps.c"
../src/l1hwopt/gps.c: In function ‘fsm_gps_init’:
../src/l1hwopt/gps.c:110:2: warning: implicit declaration of function ‘hcu_sps485_serial_init’ [-Wimplicit-function-declaration]
  ret = hcu_sps485_serial_init(&gSerialPortForGPS);
  ^
Finished building: ../src/l1hwopt/gps.c
 
Building file: ../src/l1hwopt/i2c.c
Invoking: Cross GCC Compiler
gcc -DTARGET_LINUX_X86 -I/usr/include/libxml2 -I/usr/include/curl -I/root/ffmpeg_build/include -I/usr/local/sqlite3/include -O0 -lpthread -g3 -Wall -c -fmessage-length=0 -MMD -MP -MF"src/l1hwopt/i2c.d" -MT"src/l1hwopt/i2c.o" -o "src/l1hwopt/i2c.o" "../src/l1hwopt/i2c.c"
Finished building: ../src/l1hwopt/i2c.c
 
Building file: ../src/l1hwopt/lcd.c
Invoking: Cross GCC Compiler
gcc -DTARGET_LINUX_X86 -I/usr/include/libxml2 -I/usr/include/curl -I/root/ffmpeg_build/include -I/usr/local/sqlite3/include -O0 -lpthread -g3 -Wall -c -fmessage-length=0 -MMD -MP -MF"src/l1hwopt/lcd.d" -MT"src/l1hwopt/lcd.o" -o "src/l1hwopt/lcd.o" "../src/l1hwopt/lcd.c"
Finished building: ../src/l1hwopt/lcd.c
 
Building file: ../src/l1hwopt/led.c
Invoking: Cross GCC Compiler
gcc -DTARGET_LINUX_X86 -I/usr/include/libxml2 -I/usr/include/curl -I/root/ffmpeg_build/include -I/usr/local/sqlite3/include -O0 -lpthread -g3 -Wall -c -fmessage-length=0 -MMD -MP -MF"src/l1hwopt/led.d" -MT"src/l1hwopt/led.o" -o "src/l1hwopt/led.o" "../src/l1hwopt/led.c"
Finished building: ../src/l1hwopt/led.c
 
Building file: ../src/l1hwopt/microphone.c
Invoking: Cross GCC Compiler
gcc -DTARGET_LINUX_X86 -I/usr/include/libxml2 -I/usr/include/curl -I/root/ffmpeg_build/include -I/usr/local/sqlite3/include -O0 -lpthread -g3 -Wall -c -fmessage-length=0 -MMD -MP -MF"src/l1hwopt/microphone.d" -MT"src/l1hwopt/microphone.o" -o "src/l1hwopt/microphone.o" "../src/l1hwopt/microphone.c"
Finished building: ../src/l1hwopt/microphone.c
 
Building file: ../src/l1hwopt/motor.c
Invoking: Cross GCC Compiler
gcc -DTARGET_LINUX_X86 -I/usr/include/libxml2 -I/usr/include/curl -I/root/ffmpeg_build/include -I/usr/local/sqlite3/include -O0 -lpthread -g3 -Wall -c -fmessage-length=0 -MMD -MP -MF"src/l1hwopt/motor.d" -MT"src/l1hwopt/motor.o" -o "src/l1hwopt/motor.o" "../src/l1hwopt/motor.c"
Finished building: ../src/l1hwopt/motor.c
 
Building file: ../src/l1hwopt/pwm.c
Invoking: Cross GCC Compiler
gcc -DTARGET_LINUX_X86 -I/usr/include/libxml2 -I/usr/include/curl -I/root/ffmpeg_build/include -I/usr/local/sqlite3/include -O0 -lpthread -g3 -Wall -c -fmessage-length=0 -MMD -MP -MF"src/l1hwopt/pwm.d" -MT"src/l1hwopt/pwm.o" -o "src/l1hwopt/pwm.o" "../src/l1hwopt/pwm.c"
Finished building: ../src/l1hwopt/pwm.c
 
Building file: ../src/l1hwopt/relay.c
Invoking: Cross GCC Compiler
gcc -DTARGET_LINUX_X86 -I/usr/include/libxml2 -I/usr/include/curl -I/root/ffmpeg_build/include -I/usr/local/sqlite3/include -O0 -lpthread -g3 -Wall -c -fmessage-length=0 -MMD -MP -MF"src/l1hwopt/relay.d" -MT"src/l1hwopt/relay.o" -o "src/l1hwopt/relay.o" "../src/l1hwopt/relay.c"
Finished building: ../src/l1hwopt/relay.c
 
Building file: ../src/l1hwopt/spi.c
Invoking: Cross GCC Compiler
gcc -DTARGET_LINUX_X86 -I/usr/include/libxml2 -I/usr/include/curl -I/root/ffmpeg_build/include -I/usr/local/sqlite3/include -O0 -lpthread -g3 -Wall -c -fmessage-length=0 -MMD -MP -MF"src/l1hwopt/spi.d" -MT"src/l1hwopt/spi.o" -o "src/l1hwopt/spi.o" "../src/l1hwopt/spi.c"
Finished building: ../src/l1hwopt/spi.c
 
Building file: ../src/l1hwopt/sps232.c
Invoking: Cross GCC Compiler
gcc -DTARGET_LINUX_X86 -I/usr/include/libxml2 -I/usr/include/curl -I/root/ffmpeg_build/include -I/usr/local/sqlite3/include -O0 -lpthread -g3 -Wall -c -fmessage-length=0 -MMD -MP -MF"src/l1hwopt/sps232.d" -MT"src/l1hwopt/sps232.o" -o "src/l1hwopt/sps232.o" "../src/l1hwopt/sps232.c"
../src/l1hwopt/sps232.c: In function ‘fsm_sps232_init’:
../src/l1hwopt/sps232.c:109:6: warning: unused variable ‘workingCycle’ [-Wunused-variable]
  int workingCycle = 2;
      ^
../src/l1hwopt/sps232.c:59:13: warning: unused variable ‘conCounter’ [-Wunused-variable]
  int ret=0, conCounter=0;
             ^
Finished building: ../src/l1hwopt/sps232.c
 
Building file: ../src/l1hwopt/sps485.c
Invoking: Cross GCC Compiler
gcc -DTARGET_LINUX_X86 -I/usr/include/libxml2 -I/usr/include/curl -I/root/ffmpeg_build/include -I/usr/local/sqlite3/include -O0 -lpthread -g3 -Wall -c -fmessage-length=0 -MMD -MP -MF"src/l1hwopt/sps485.d" -MT"src/l1hwopt/sps485.o" -o "src/l1hwopt/sps485.o" "../src/l1hwopt/sps485.c"
../src/l1hwopt/sps485.c: In function ‘lockTTY’:
../src/l1hwopt/sps485.c:868:5: warning: implicit declaration of function ‘flock’ [-Wimplicit-function-declaration]
     return flock(ptty->fd,LOCK_EX);
     ^
../src/l1hwopt/sps485.c: In function ‘sps_test_main’:
../src/l1hwopt/sps485.c:914:9: warning: pointer targets in passing argument 2 of ‘sendnTTY’ differ in signedness [-Wpointer-sign]
         sendnTTY(ptty,&cc[0],1);
         ^
../src/l1hwopt/sps485.c:839:5: note: expected ‘char *’ but argument is of type ‘unsigned char *’
 int sendnTTY(TTY_INFO *ptty,char *pbuf,int size)
     ^
../src/l1hwopt/sps485.c:915:9: warning: pointer targets in passing argument 2 of ‘recvnTTY’ differ in signedness [-Wpointer-sign]
         nbyte = recvnTTY(ptty,cc,1);
         ^
../src/l1hwopt/sps485.c:814:5: note: expected ‘char *’ but argument is of type ‘unsigned char *’
 int recvnTTY(TTY_INFO *ptty,char *pbuf,int size)
     ^
../src/l1hwopt/sps485.c:886:9: warning: variable ‘nbyte’ set but not used [-Wunused-but-set-variable]
     int nbyte,idx;
         ^
Finished building: ../src/l1hwopt/sps485.c
 
Building file: ../src/l1hwopt/spsapi.c
Invoking: Cross GCC Compiler
gcc -DTARGET_LINUX_X86 -I/usr/include/libxml2 -I/usr/include/curl -I/root/ffmpeg_build/include -I/usr/local/sqlite3/include -O0 -lpthread -g3 -Wall -c -fmessage-length=0 -MMD -MP -MF"src/l1hwopt/spsapi.d" -MT"src/l1hwopt/spsapi.o" -o "src/l1hwopt/spsapi.o" "../src/l1hwopt/spsapi.c"
Finished building: ../src/l1hwopt/spsapi.c
 
Building file: ../src/l1hwopt/switch.c
Invoking: Cross GCC Compiler
gcc -DTARGET_LINUX_X86 -I/usr/include/libxml2 -I/usr/include/curl -I/root/ffmpeg_build/include -I/usr/local/sqlite3/include -O0 -lpthread -g3 -Wall -c -fmessage-length=0 -MMD -MP -MF"src/l1hwopt/switch.d" -MT"src/l1hwopt/switch.o" -o "src/l1hwopt/switch.o" "../src/l1hwopt/switch.c"
Finished building: ../src/l1hwopt/switch.c
 
Building file: ../src/l1hwopt/usbnet.c
Invoking: Cross GCC Compiler
gcc -DTARGET_LINUX_X86 -I/usr/include/libxml2 -I/usr/include/curl -I/root/ffmpeg_build/include -I/usr/local/sqlite3/include -O0 -lpthread -g3 -Wall -c -fmessage-length=0 -MMD -MP -MF"src/l1hwopt/usbnet.d" -MT"src/l1hwopt/usbnet.o" -o "src/l1hwopt/usbnet.o" "../src/l1hwopt/usbnet.c"
Finished building: ../src/l1hwopt/usbnet.c
 
Building file: ../src/l1hwopt/wifi.c
Invoking: Cross GCC Compiler
gcc -DTARGET_LINUX_X86 -I/usr/include/libxml2 -I/usr/include/curl -I/root/ffmpeg_build/include -I/usr/local/sqlite3/include -O0 -lpthread -g3 -Wall -c -fmessage-length=0 -MMD -MP -MF"src/l1hwopt/wifi.d" -MT"src/l1hwopt/wifi.o" -o "src/l1hwopt/wifi.o" "../src/l1hwopt/wifi.c"
Finished building: ../src/l1hwopt/wifi.c
 
Building file: ../src/l1com/hwinv.c
Invoking: Cross GCC Compiler
gcc -DTARGET_LINUX_X86 -I/usr/include/libxml2 -I/usr/include/curl -I/root/ffmpeg_build/include -I/usr/local/sqlite3/include -O0 -lpthread -g3 -Wall -c -fmessage-length=0 -MMD -MP -MF"src/l1com/hwinv.d" -MT"src/l1com/hwinv.o" -o "src/l1com/hwinv.o" "../src/l1com/hwinv.c"
Finished building: ../src/l1com/hwinv.c
 
Building file: ../src/l0webser/ftp.c
Invoking: Cross GCC Compiler
gcc -DTARGET_LINUX_X86 -I/usr/include/libxml2 -I/usr/include/curl -I/root/ffmpeg_build/include -I/usr/local/sqlite3/include -O0 -lpthread -g3 -Wall -c -fmessage-length=0 -MMD -MP -MF"src/l0webser/ftp.d" -MT"src/l0webser/ftp.o" -o "src/l0webser/ftp.o" "../src/l0webser/ftp.c"
Finished building: ../src/l0webser/ftp.c
 
Building file: ../src/l0webser/get_time.c
Invoking: Cross GCC Compiler
gcc -DTARGET_LINUX_X86 -I/usr/include/libxml2 -I/usr/include/curl -I/root/ffmpeg_build/include -I/usr/local/sqlite3/include -O0 -lpthread -g3 -Wall -c -fmessage-length=0 -MMD -MP -MF"src/l0webser/get_time.d" -MT"src/l0webser/get_time.o" -o "src/l0webser/get_time.o" "../src/l0webser/get_time.c"
Finished building: ../src/l0webser/get_time.c
 
Building file: ../src/l0webser/http_session.c
Invoking: Cross GCC Compiler
gcc -DTARGET_LINUX_X86 -I/usr/include/libxml2 -I/usr/include/curl -I/root/ffmpeg_build/include -I/usr/local/sqlite3/include -O0 -lpthread -g3 -Wall -c -fmessage-length=0 -MMD -MP -MF"src/l0webser/http_session.d" -MT"src/l0webser/http_session.o" -o "src/l0webser/http_session.o" "../src/l0webser/http_session.c"
Finished building: ../src/l0webser/http_session.c
 
Building file: ../src/l0webser/init_socket.c
Invoking: Cross GCC Compiler
gcc -DTARGET_LINUX_X86 -I/usr/include/libxml2 -I/usr/include/curl -I/root/ffmpeg_build/include -I/usr/local/sqlite3/include -O0 -lpthread -g3 -Wall -c -fmessage-length=0 -MMD -MP -MF"src/l0webser/init_socket.d" -MT"src/l0webser/init_socket.o" -o "src/l0webser/init_socket.o" "../src/l0webser/init_socket.c"
Finished building: ../src/l0webser/init_socket.c
 
Building file: ../src/l0webser/webserver.c
Invoking: Cross GCC Compiler
gcc -DTARGET_LINUX_X86 -I/usr/include/libxml2 -I/usr/include/curl -I/root/ffmpeg_build/include -I/usr/local/sqlite3/include -O0 -lpthread -g3 -Wall -c -fmessage-length=0 -MMD -MP -MF"src/l0webser/webserver.d" -MT"src/l0webser/webserver.o" -o "src/l0webser/webserver.o" "../src/l0webser/webserver.c"
Finished building: ../src/l0webser/webserver.c
 
Building file: ../src/l0service/configxml.c
Invoking: Cross GCC Compiler
gcc -DTARGET_LINUX_X86 -I/usr/include/libxml2 -I/usr/include/curl -I/root/ffmpeg_build/include -I/usr/local/sqlite3/include -O0 -lpthread -g3 -Wall -c -fmessage-length=0 -MMD -MP -MF"src/l0service/configxml.d" -MT"src/l0service/configxml.o" -o "src/l0service/configxml.o" "../src/l0service/configxml.c"
Finished building: ../src/l0service/configxml.c
 
Building file: ../src/l0service/mmc.c
Invoking: Cross GCC Compiler
gcc -DTARGET_LINUX_X86 -I/usr/include/libxml2 -I/usr/include/curl -I/root/ffmpeg_build/include -I/usr/local/sqlite3/include -O0 -lpthread -g3 -Wall -c -fmessage-length=0 -MMD -MP -MF"src/l0service/mmc.d" -MT"src/l0service/mmc.o" -o "src/l0service/mmc.o" "../src/l0service/mmc.c"
Finished building: ../src/l0service/mmc.c
 
Building file: ../src/l0service/sysinfo.c
Invoking: Cross GCC Compiler
gcc -DTARGET_LINUX_X86 -I/usr/include/libxml2 -I/usr/include/curl -I/root/ffmpeg_build/include -I/usr/local/sqlite3/include -O0 -lpthread -g3 -Wall -c -fmessage-length=0 -MMD -MP -MF"src/l0service/sysinfo.d" -MT"src/l0service/sysinfo.o" -o "src/l0service/sysinfo.o" "../src/l0service/sysinfo.c"
../src/l0service/sysinfo.c: In function ‘strstr_Wrapper’:
../src/l0service/sysinfo.c:44:9: warning: implicit declaration of function ‘strcasestr’ [-Wimplicit-function-declaration]
         return (int) strcasestr(haystack, needle);
         ^
Finished building: ../src/l0service/sysinfo.c
 
Building file: ../src/l0service/timer.c
Invoking: Cross GCC Compiler
gcc -DTARGET_LINUX_X86 -I/usr/include/libxml2 -I/usr/include/curl -I/root/ffmpeg_build/include -I/usr/local/sqlite3/include -O0 -lpthread -g3 -Wall -c -fmessage-length=0 -MMD -MP -MF"src/l0service/timer.d" -MT"src/l0service/timer.o" -o "src/l0service/timer.o" "../src/l0service/timer.c"
Finished building: ../src/l0service/timer.c
 
Building file: ../src/l0service/trace.c
Invoking: Cross GCC Compiler
gcc -DTARGET_LINUX_X86 -I/usr/include/libxml2 -I/usr/include/curl -I/root/ffmpeg_build/include -I/usr/local/sqlite3/include -O0 -lpthread -g3 -Wall -c -fmessage-length=0 -MMD -MP -MF"src/l0service/trace.d" -MT"src/l0service/trace.o" -o "src/l0service/trace.o" "../src/l0service/trace.c"
../src/l0service/trace.c: In function ‘ErrorTracePrintf’:
../src/l0service/trace.c:108:15: warning: assignment makes pointer from integer without a cast [enabled by default]
   if((fHandler=open("./hcuerr.log", O_RDWR|O_CREAT)) < 0){
               ^
../src/l0service/trace.c:111:3: warning: passing argument 1 of ‘lseek’ makes integer from pointer without a cast [enabled by default]
   lseek(fHandler, 0L, SEEK_END); //移动文件到尾部
   ^
In file included from ../src/l0service/../l0service/../l0comvm/../l0comvm/commsg.h:25:0,
                 from ../src/l0service/../l0service/../l0comvm/vmlayer.h:11,
                 from ../src/l0service/../l0service/trace.h:11,
                 from ../src/l0service/trace.c:8:
/usr/include/unistd.h:334:16: note: expected ‘int’ but argument is of type ‘struct FILE *’
 extern __off_t lseek (int __fd, __off_t __offset, int __whence) __THROW;
                ^
../src/l0service/trace.c:112:3: warning: pointer targets in passing argument 1 of ‘strlen’ differ in signedness [-Wpointer-sign]
   write(fHandler, gpuTraceBuffer, strlen(gpuTraceBuffer));
   ^
In file included from ../src/l0service/../l0service/../l0comvm/../l0comvm/commsg.h:20:0,
                 from ../src/l0service/../l0service/../l0comvm/vmlayer.h:11,
                 from ../src/l0service/../l0service/trace.h:11,
                 from ../src/l0service/trace.c:8:
/usr/include/string.h:399:15: note: expected ‘const char *’ but argument is of type ‘INT8 *’
 extern size_t strlen (const char *__s)
               ^
../src/l0service/trace.c:112:3: warning: passing argument 1 of ‘write’ makes integer from pointer without a cast [enabled by default]
   write(fHandler, gpuTraceBuffer, strlen(gpuTraceBuffer));
   ^
In file included from ../src/l0service/../l0service/../l0comvm/../l0comvm/commsg.h:25:0,
                 from ../src/l0service/../l0service/../l0comvm/vmlayer.h:11,
                 from ../src/l0service/../l0service/trace.h:11,
                 from ../src/l0service/trace.c:8:
/usr/include/unistd.h:366:16: note: expected ‘int’ but argument is of type ‘struct FILE *’
 extern ssize_t write (int __fd, const void *__buf, size_t __n) __wur;
                ^
../src/l0service/trace.c:113:3: warning: passing argument 1 of ‘close’ makes integer from pointer without a cast [enabled by default]
   close(fHandler);
   ^
In file included from ../src/l0service/../l0service/../l0comvm/../l0comvm/commsg.h:25:0,
                 from ../src/l0service/../l0service/../l0comvm/vmlayer.h:11,
                 from ../src/l0service/../l0service/trace.h:11,
                 from ../src/l0service/trace.c:8:
/usr/include/unistd.h:353:12: note: expected ‘int’ but argument is of type ‘struct FILE *’
 extern int close (int __fd);
            ^
Finished building: ../src/l0service/trace.c
 
Building file: ../src/l0dbi/dbiairprs.c
Invoking: Cross GCC Compiler
gcc -DTARGET_LINUX_X86 -I/usr/include/libxml2 -I/usr/include/curl -I/root/ffmpeg_build/include -I/usr/local/sqlite3/include -O0 -lpthread -g3 -Wall -c -fmessage-length=0 -MMD -MP -MF"src/l0dbi/dbiairprs.d" -MT"src/l0dbi/dbiairprs.o" -o "src/l0dbi/dbiairprs.o" "../src/l0dbi/dbiairprs.c"
Finished building: ../src/l0dbi/dbiairprs.c
 
Building file: ../src/l0dbi/dbialcohol.c
Invoking: Cross GCC Compiler
gcc -DTARGET_LINUX_X86 -I/usr/include/libxml2 -I/usr/include/curl -I/root/ffmpeg_build/include -I/usr/local/sqlite3/include -O0 -lpthread -g3 -Wall -c -fmessage-length=0 -MMD -MP -MF"src/l0dbi/dbialcohol.d" -MT"src/l0dbi/dbialcohol.o" -o "src/l0dbi/dbialcohol.o" "../src/l0dbi/dbialcohol.c"
Finished building: ../src/l0dbi/dbialcohol.c
 
Building file: ../src/l0dbi/dbico1.c
Invoking: Cross GCC Compiler
gcc -DTARGET_LINUX_X86 -I/usr/include/libxml2 -I/usr/include/curl -I/root/ffmpeg_build/include -I/usr/local/sqlite3/include -O0 -lpthread -g3 -Wall -c -fmessage-length=0 -MMD -MP -MF"src/l0dbi/dbico1.d" -MT"src/l0dbi/dbico1.o" -o "src/l0dbi/dbico1.o" "../src/l0dbi/dbico1.c"
Finished building: ../src/l0dbi/dbico1.c
 
Building file: ../src/l0dbi/dbicom.c
Invoking: Cross GCC Compiler
gcc -DTARGET_LINUX_X86 -I/usr/include/libxml2 -I/usr/include/curl -I/root/ffmpeg_build/include -I/usr/local/sqlite3/include -O0 -lpthread -g3 -Wall -c -fmessage-length=0 -MMD -MP -MF"src/l0dbi/dbicom.d" -MT"src/l0dbi/dbicom.o" -o "src/l0dbi/dbicom.o" "../src/l0dbi/dbicom.c"
Finished building: ../src/l0dbi/dbicom.c
 
Building file: ../src/l0dbi/dbiemc.c
Invoking: Cross GCC Compiler
gcc -DTARGET_LINUX_X86 -I/usr/include/libxml2 -I/usr/include/curl -I/root/ffmpeg_build/include -I/usr/local/sqlite3/include -O0 -lpthread -g3 -Wall -c -fmessage-length=0 -MMD -MP -MF"src/l0dbi/dbiemc.d" -MT"src/l0dbi/dbiemc.o" -o "src/l0dbi/dbiemc.o" "../src/l0dbi/dbiemc.c"
Finished building: ../src/l0dbi/dbiemc.c
 
Building file: ../src/l0dbi/dbihcho.c
Invoking: Cross GCC Compiler
gcc -DTARGET_LINUX_X86 -I/usr/include/libxml2 -I/usr/include/curl -I/root/ffmpeg_build/include -I/usr/local/sqlite3/include -O0 -lpthread -g3 -Wall -c -fmessage-length=0 -MMD -MP -MF"src/l0dbi/dbihcho.d" -MT"src/l0dbi/dbihcho.o" -o "src/l0dbi/dbihcho.o" "../src/l0dbi/dbihcho.c"
Finished building: ../src/l0dbi/dbihcho.c
 
Building file: ../src/l0dbi/dbihsmmp.c
Invoking: Cross GCC Compiler
gcc -DTARGET_LINUX_X86 -I/usr/include/libxml2 -I/usr/include/curl -I/root/ffmpeg_build/include -I/usr/local/sqlite3/include -O0 -lpthread -g3 -Wall -c -fmessage-length=0 -MMD -MP -MF"src/l0dbi/dbihsmmp.d" -MT"src/l0dbi/dbihsmmp.o" -o "src/l0dbi/dbihsmmp.o" "../src/l0dbi/dbihsmmp.c"
Finished building: ../src/l0dbi/dbihsmmp.c
 
Building file: ../src/l0dbi/dbihumid.c
Invoking: Cross GCC Compiler
gcc -DTARGET_LINUX_X86 -I/usr/include/libxml2 -I/usr/include/curl -I/root/ffmpeg_build/include -I/usr/local/sqlite3/include -O0 -lpthread -g3 -Wall -c -fmessage-length=0 -MMD -MP -MF"src/l0dbi/dbihumid.d" -MT"src/l0dbi/dbihumid.o" -o "src/l0dbi/dbihumid.o" "../src/l0dbi/dbihumid.c"
Finished building: ../src/l0dbi/dbihumid.c
 
Building file: ../src/l0dbi/dbiigm.c
Invoking: Cross GCC Compiler
gcc -DTARGET_LINUX_X86 -I/usr/include/libxml2 -I/usr/include/curl -I/root/ffmpeg_build/include -I/usr/local/sqlite3/include -O0 -lpthread -g3 -Wall -c -fmessage-length=0 -MMD -MP -MF"src/l0dbi/dbiigm.d" -MT"src/l0dbi/dbiigm.o" -o "src/l0dbi/dbiigm.o" "../src/l0dbi/dbiigm.c"
Finished building: ../src/l0dbi/dbiigm.c
 
Building file: ../src/l0dbi/dbiihm.c
Invoking: Cross GCC Compiler
gcc -DTARGET_LINUX_X86 -I/usr/include/libxml2 -I/usr/include/curl -I/root/ffmpeg_build/include -I/usr/local/sqlite3/include -O0 -lpthread -g3 -Wall -c -fmessage-length=0 -MMD -MP -MF"src/l0dbi/dbiihm.d" -MT"src/l0dbi/dbiihm.o" -o "src/l0dbi/dbiihm.o" "../src/l0dbi/dbiihm.c"
Finished building: ../src/l0dbi/dbiihm.c
 
Building file: ../src/l0dbi/dbiipm.c
Invoking: Cross GCC Compiler
gcc -DTARGET_LINUX_X86 -I/usr/include/libxml2 -I/usr/include/curl -I/root/ffmpeg_build/include -I/usr/local/sqlite3/include -O0 -lpthread -g3 -Wall -c -fmessage-length=0 -MMD -MP -MF"src/l0dbi/dbiipm.d" -MT"src/l0dbi/dbiipm.o" -o "src/l0dbi/dbiipm.o" "../src/l0dbi/dbiipm.c"
Finished building: ../src/l0dbi/dbiipm.c
 
Building file: ../src/l0dbi/dbiiwm.c
Invoking: Cross GCC Compiler
gcc -DTARGET_LINUX_X86 -I/usr/include/libxml2 -I/usr/include/curl -I/root/ffmpeg_build/include -I/usr/local/sqlite3/include -O0 -lpthread -g3 -Wall -c -fmessage-length=0 -MMD -MP -MF"src/l0dbi/dbiiwm.d" -MT"src/l0dbi/dbiiwm.o" -o "src/l0dbi/dbiiwm.o" "../src/l0dbi/dbiiwm.c"
Finished building: ../src/l0dbi/dbiiwm.c
 
Building file: ../src/l0dbi/dbilightstr.c
Invoking: Cross GCC Compiler
gcc -DTARGET_LINUX_X86 -I/usr/include/libxml2 -I/usr/include/curl -I/root/ffmpeg_build/include -I/usr/local/sqlite3/include -O0 -lpthread -g3 -Wall -c -fmessage-length=0 -MMD -MP -MF"src/l0dbi/dbilightstr.d" -MT"src/l0dbi/dbilightstr.o" -o "src/l0dbi/dbilightstr.o" "../src/l0dbi/dbilightstr.c"
Finished building: ../src/l0dbi/dbilightstr.c
 
Building file: ../src/l0dbi/dbinbiot.c
Invoking: Cross GCC Compiler
gcc -DTARGET_LINUX_X86 -I/usr/include/libxml2 -I/usr/include/curl -I/root/ffmpeg_build/include -I/usr/local/sqlite3/include -O0 -lpthread -g3 -Wall -c -fmessage-length=0 -MMD -MP -MF"src/l0dbi/dbinbiot.d" -MT"src/l0dbi/dbinbiot.o" -o "src/l0dbi/dbinbiot.o" "../src/l0dbi/dbinbiot.c"
Finished building: ../src/l0dbi/dbinbiot.c
 
Building file: ../src/l0dbi/dbinoise.c
Invoking: Cross GCC Compiler
gcc -DTARGET_LINUX_X86 -I/usr/include/libxml2 -I/usr/include/curl -I/root/ffmpeg_build/include -I/usr/local/sqlite3/include -O0 -lpthread -g3 -Wall -c -fmessage-length=0 -MMD -MP -MF"src/l0dbi/dbinoise.d" -MT"src/l0dbi/dbinoise.o" -o "src/l0dbi/dbinoise.o" "../src/l0dbi/dbinoise.c"
Finished building: ../src/l0dbi/dbinoise.c
 
Building file: ../src/l0dbi/dbipm25.c
Invoking: Cross GCC Compiler
gcc -DTARGET_LINUX_X86 -I/usr/include/libxml2 -I/usr/include/curl -I/root/ffmpeg_build/include -I/usr/local/sqlite3/include -O0 -lpthread -g3 -Wall -c -fmessage-length=0 -MMD -MP -MF"src/l0dbi/dbipm25.d" -MT"src/l0dbi/dbipm25.o" -o "src/l0dbi/dbipm25.o" "../src/l0dbi/dbipm25.c"
Finished building: ../src/l0dbi/dbipm25.c
 
Building file: ../src/l0dbi/dbisysperfm.c
Invoking: Cross GCC Compiler
gcc -DTARGET_LINUX_X86 -I/usr/include/libxml2 -I/usr/include/curl -I/root/ffmpeg_build/include -I/usr/local/sqlite3/include -O0 -lpthread -g3 -Wall -c -fmessage-length=0 -MMD -MP -MF"src/l0dbi/dbisysperfm.d" -MT"src/l0dbi/dbisysperfm.o" -o "src/l0dbi/dbisysperfm.o" "../src/l0dbi/dbisysperfm.c"
Finished building: ../src/l0dbi/dbisysperfm.c
 
Building file: ../src/l0dbi/dbitemp.c
Invoking: Cross GCC Compiler
gcc -DTARGET_LINUX_X86 -I/usr/include/libxml2 -I/usr/include/curl -I/root/ffmpeg_build/include -I/usr/local/sqlite3/include -O0 -lpthread -g3 -Wall -c -fmessage-length=0 -MMD -MP -MF"src/l0dbi/dbitemp.d" -MT"src/l0dbi/dbitemp.o" -o "src/l0dbi/dbitemp.o" "../src/l0dbi/dbitemp.c"
Finished building: ../src/l0dbi/dbitemp.c
 
Building file: ../src/l0dbi/dbitoxicgas.c
Invoking: Cross GCC Compiler
gcc -DTARGET_LINUX_X86 -I/usr/include/libxml2 -I/usr/include/curl -I/root/ffmpeg_build/include -I/usr/local/sqlite3/include -O0 -lpthread -g3 -Wall -c -fmessage-length=0 -MMD -MP -MF"src/l0dbi/dbitoxicgas.d" -MT"src/l0dbi/dbitoxicgas.o" -o "src/l0dbi/dbitoxicgas.o" "../src/l0dbi/dbitoxicgas.c"
Finished building: ../src/l0dbi/dbitoxicgas.c
 
Building file: ../src/l0dbi/dbiwinddir.c
Invoking: Cross GCC Compiler
gcc -DTARGET_LINUX_X86 -I/usr/include/libxml2 -I/usr/include/curl -I/root/ffmpeg_build/include -I/usr/local/sqlite3/include -O0 -lpthread -g3 -Wall -c -fmessage-length=0 -MMD -MP -MF"src/l0dbi/dbiwinddir.d" -MT"src/l0dbi/dbiwinddir.o" -o "src/l0dbi/dbiwinddir.o" "../src/l0dbi/dbiwinddir.c"
Finished building: ../src/l0dbi/dbiwinddir.c
 
Building file: ../src/l0dbi/dbiwindspd.c
Invoking: Cross GCC Compiler
gcc -DTARGET_LINUX_X86 -I/usr/include/libxml2 -I/usr/include/curl -I/root/ffmpeg_build/include -I/usr/local/sqlite3/include -O0 -lpthread -g3 -Wall -c -fmessage-length=0 -MMD -MP -MF"src/l0dbi/dbiwindspd.d" -MT"src/l0dbi/dbiwindspd.o" -o "src/l0dbi/dbiwindspd.o" "../src/l0dbi/dbiwindspd.c"
Finished building: ../src/l0dbi/dbiwindspd.c
 
Building file: ../src/l0comvm/vmlayer.c
Invoking: Cross GCC Compiler
gcc -DTARGET_LINUX_X86 -I/usr/include/libxml2 -I/usr/include/curl -I/root/ffmpeg_build/include -I/usr/local/sqlite3/include -O0 -lpthread -g3 -Wall -c -fmessage-length=0 -MMD -MP -MF"src/l0comvm/vmlayer.d" -MT"src/l0comvm/vmlayer.o" -o "src/l0comvm/vmlayer.o" "../src/l0comvm/vmlayer.c"
Finished building: ../src/l0comvm/vmlayer.c
 
Building file: ../src/hcu.c
Invoking: Cross GCC Compiler
gcc -DTARGET_LINUX_X86 -I/usr/include/libxml2 -I/usr/include/curl -I/root/ffmpeg_build/include -I/usr/local/sqlite3/include -O0 -lpthread -g3 -Wall -c -fmessage-length=0 -MMD -MP -MF"src/hcu.d" -MT"src/hcu.o" -o "src/hcu.o" "../src/hcu.c"
Finished building: ../src/hcu.c
 
Building file: ../src/hcuref.c
Invoking: Cross GCC Compiler
gcc -DTARGET_LINUX_X86 -I/usr/include/libxml2 -I/usr/include/curl -I/root/ffmpeg_build/include -I/usr/local/sqlite3/include -O0 -lpthread -g3 -Wall -c -fmessage-length=0 -MMD -MP -MF"src/hcuref.d" -MT"src/hcuref.o" -o "src/hcuref.o" "../src/hcuref.c"
Finished building: ../src/hcuref.c
 
Building target: hcu_ref
Invoking: Cross GCC Linker
gcc -L/usr/local/lib -L/root/ffmpeg_build/lib -L/usr/local/sqlite3/lib -o "hcu_ref"  ./src/l4bi/aiqiyc.o  ./src/l3app/hsmmp.o ./src/l3app/sensorairprs.o ./src/l3app/sensoralcohol.o ./src/l3app/sensorco1.o ./src/l3app/sensoremc.o ./src/l3app/sensorhcho.o ./src/l3app/sensorhumid.o ./src/l3app/sensorigm.o ./src/l3app/sensorihm.o ./src/l3app/sensoripm.o ./src/l3app/sensoriwm.o ./src/l3app/sensorlightstr.o ./src/l3app/sensornoise.o ./src/l3app/sensorpm25.o ./src/l3app/sensorpm25sharp.o ./src/l3app/sensortemp.o ./src/l3app/sensortoxicgas.o ./src/l3app/sensorwinddir.o ./src/l3app/sensorwindspd.o ./src/l3app/svrcon.o ./src/l3app/syspm.o  ./src/l2frame/avorion.o ./src/l2frame/bhcodecxml.o ./src/l2frame/bhcodeczhb.o ./src/l2frame/cloudvela.o ./src/l2frame/i2cbuslibra.o ./src/l2frame/modbus.o ./src/l2frame/nbiotcj188.o ./src/l2frame/nbiotqg376.o ./src/l2frame/spibusaries.o ./src/l2frame/spsvirgo.o  ./src/l1hwopt/usb_adc/usb-daq-v20.o ./src/l1hwopt/usb_adc/usb_daq_test.o  ./src/l1hwopt/adc.o ./src/l1hwopt/apigprs.o ./src/l1hwopt/ble.o ./src/l1hwopt/camera.o ./src/l1hwopt/con3g4g.o ./src/l1hwopt/ethernet.o ./src/l1hwopt/gpio.o ./src/l1hwopt/gps.o ./src/l1hwopt/i2c.o ./src/l1hwopt/lcd.o ./src/l1hwopt/led.o ./src/l1hwopt/microphone.o ./src/l1hwopt/motor.o ./src/l1hwopt/pwm.o ./src/l1hwopt/relay.o ./src/l1hwopt/spi.o ./src/l1hwopt/sps232.o ./src/l1hwopt/sps485.o ./src/l1hwopt/spsapi.o ./src/l1hwopt/switch.o ./src/l1hwopt/usbnet.o ./src/l1hwopt/wifi.o  ./src/l1com/hwinv.o  ./src/l0webser/ftp.o ./src/l0webser/get_time.o ./src/l0webser/http_session.o ./src/l0webser/init_socket.o ./src/l0webser/webserver.o  ./src/l0service/configxml.o ./src/l0service/mmc.o ./src/l0service/sysinfo.o ./src/l0service/timer.o ./src/l0service/trace.o  ./src/l0dbi/dbiairprs.o ./src/l0dbi/dbialcohol.o ./src/l0dbi/dbico1.o ./src/l0dbi/dbicom.o ./src/l0dbi/dbiemc.o ./src/l0dbi/dbihcho.o ./src/l0dbi/dbihsmmp.o ./src/l0dbi/dbihumid.o ./src/l0dbi/dbiigm.o ./src/l0dbi/dbiihm.o ./src/l0dbi/dbiipm.o ./src/l0dbi/dbiiwm.o ./src/l0dbi/dbilightstr.o ./src/l0dbi/dbinbiot.o ./src/l0dbi/dbinoise.o ./src/l0dbi/dbipm25.o ./src/l0dbi/dbisysperfm.o ./src/l0dbi/dbitemp.o ./src/l0dbi/dbitoxicgas.o ./src/l0dbi/dbiwinddir.o ./src/l0dbi/dbiwindspd.o  ./src/l0comvm/vmlayer.o  ./src/hcu.o ./src/hcuref.o   -lrt -lusb -lmysqlclient -lpthread -lcurl -lxml2 -lavcodec -lavformat -lavutil -lavdevice -lavfilter -lswscale -lm -lSDL2 -lsqlite3
Finished building target: hcu_ref
 
