00:06:33 **** Clean-only build of configuration Debug for project hcu ****
make clean 
rm -rf  ./src/webser/get_time.o ./src/webser/http_session.o ./src/webser/init_socket.o ./src/webser/webserver.o  ./src/l3app/hsmmp.o ./src/l3app/sensoremc.o ./src/l3app/sensorhumid.o ./src/l3app/sensorpm25.o ./src/l3app/sensortemp.o ./src/l3app/sensorwinddir.o ./src/l3app/sensorwindspd.o ./src/l3app/svrcon.o  ./src/l2frame/apigpio.o ./src/l2frame/apigprs.o ./src/l2frame/audio.o ./src/l2frame/ble.o ./src/l2frame/camera.o ./src/l2frame/cloudcont.o ./src/l2frame/con3g4g.o ./src/l2frame/ethernet.o ./src/l2frame/gps.o ./src/l2frame/hwinv.o ./src/l2frame/lcd.o ./src/l2frame/modbus.o ./src/l2frame/sps232.o ./src/l2frame/sps485.o ./src/l2frame/usbnet.o ./src/l2frame/wifi.o  ./src/comvm/configxml.o ./src/comvm/mmc.o ./src/comvm/sysinfo.o ./src/comvm/timer.o ./src/comvm/trace.o ./src/comvm/vmlayer.o  ./src/hcu.o ./src/hcuref.o  ./src/webser/get_time.d ./src/webser/http_session.d ./src/webser/init_socket.d ./src/webser/webserver.d  ./src/l3app/hsmmp.d ./src/l3app/sensoremc.d ./src/l3app/sensorhumid.d ./src/l3app/sensorpm25.d ./src/l3app/sensortemp.d ./src/l3app/sensorwinddir.d ./src/l3app/sensorwindspd.d ./src/l3app/svrcon.d  ./src/l2frame/apigpio.d ./src/l2frame/apigprs.d ./src/l2frame/audio.d ./src/l2frame/ble.d ./src/l2frame/camera.d ./src/l2frame/cloudcont.d ./src/l2frame/con3g4g.d ./src/l2frame/ethernet.d ./src/l2frame/gps.d ./src/l2frame/hwinv.d ./src/l2frame/lcd.d ./src/l2frame/modbus.d ./src/l2frame/sps232.d ./src/l2frame/sps485.d ./src/l2frame/usbnet.d ./src/l2frame/wifi.d  ./src/comvm/configxml.d ./src/comvm/mmc.d ./src/comvm/sysinfo.d ./src/comvm/timer.d ./src/comvm/trace.d ./src/comvm/vmlayer.d  ./src/hcu.d ./src/hcuref.d  hcu
rm: cannot remove ‘./src/webser/get_time.o’: Permission denied
 
rm: cannot remove ‘./src/webser/http_session.o’: Permission denied
rm: cannot remove ‘./src/webser/init_socket.o’: Permission denied
rm: cannot remove ‘./src/webser/webserver.o’: Permission denied
rm: cannot remove ‘./src/l3app/hsmmp.o’: Permission denied
rm: cannot remove ‘./src/l3app/sensoremc.o’: Permission denied
rm: cannot remove ‘./src/l3app/sensorhumid.o’: Permission denied
rm: cannot remove ‘./src/l3app/sensorpm25.o’: Permission denied
rm: cannot remove ‘./src/l3app/sensortemp.o’: Permission denied
rm: cannot remove ‘./src/l3app/sensorwinddir.o’: Permission denied
rm: cannot remove ‘./src/l3app/sensorwindspd.o’: Permission denied
rm: cannot remove ‘./src/l3app/svrcon.o’: Permission denied
rm: cannot remove ‘./src/l2frame/apigpio.o’: Permission denied
rm: cannot remove ‘./src/l2frame/apigprs.o’: Permission denied
rm: cannot remove ‘./src/l2frame/audio.o’: Permission denied
rm: cannot remove ‘./src/l2frame/ble.o’: Permission denied
rm: cannot remove ‘./src/l2frame/camera.o’: Permission denied
rm: cannot remove ‘./src/l2frame/cloudcont.o’: Permission denied
rm: cannot remove ‘./src/l2frame/con3g4g.o’: Permission denied
rm: cannot remove ‘./src/l2frame/ethernet.o’: Permission denied
rm: cannot remove ‘./src/l2frame/gps.o’: Permission denied
rm: cannot remove ‘./src/l2frame/hwinv.o’: Permission denied
rm: cannot remove ‘./src/l2frame/lcd.o’: Permission denied
rm: cannot remove ‘./src/l2frame/modbus.o’: Permission denied
rm: cannot remove ‘./src/l2frame/sps232.o’: Permission denied
rm: cannot remove ‘./src/l2frame/sps485.o’: Permission denied
rm: cannot remove ‘./src/l2frame/usbnet.o’: Permission denied
rm: cannot remove ‘./src/l2frame/wifi.o’: Permission denied
rm: cannot remove ‘./src/comvm/configxml.o’: Permission denied
rm: cannot remove ‘./src/comvm/mmc.o’: Permission denied
rm: cannot remove ‘./src/comvm/sysinfo.o’: Permission denied
rm: cannot remove ‘./src/comvm/timer.o’: Permission denied
rm: cannot remove ‘./src/comvm/trace.o’: Permission denied
rm: cannot remove ‘./src/comvm/vmlayer.o’: Permission denied
rm: cannot remove ‘./src/hcu.o’: Permission denied
rm: cannot remove ‘./src/hcuref.o’: Permission denied
rm: cannot remove ‘./src/webser/get_time.d’: Permission denied
rm: cannot remove ‘./src/webser/http_session.d’: Permission denied
rm: cannot remove ‘./src/webser/init_socket.d’: Permission denied
rm: cannot remove ‘./src/webser/webserver.d’: Permission denied
rm: cannot remove ‘./src/l3app/hsmmp.d’: Permission denied
rm: cannot remove ‘./src/l3app/sensoremc.d’: Permission denied
rm: cannot remove ‘./src/l3app/sensorhumid.d’: Permission denied
rm: cannot remove ‘./src/l3app/sensorpm25.d’: Permission denied
rm: cannot remove ‘./src/l3app/sensortemp.d’: Permission denied
rm: cannot remove ‘./src/l3app/sensorwinddir.d’: Permission denied
rm: cannot remove ‘./src/l3app/sensorwindspd.d’: Permission denied
rm: cannot remove ‘./src/l3app/svrcon.d’: Permission denied
rm: cannot remove ‘./src/l2frame/apigpio.d’: Permission denied
rm: cannot remove ‘./src/l2frame/apigprs.d’: Permission denied
rm: cannot remove ‘./src/l2frame/audio.d’: Permission denied
rm: cannot remove ‘./src/l2frame/ble.d’: Permission denied
rm: cannot remove ‘./src/l2frame/camera.d’: Permission denied
rm: cannot remove ‘./src/l2frame/cloudcont.d’: Permission denied
rm: cannot remove ‘./src/l2frame/con3g4g.d’: Permission denied
rm: cannot remove ‘./src/l2frame/ethernet.d’: Permission denied
rm: cannot remove ‘./src/l2frame/gps.d’: Permission denied
rm: cannot remove ‘./src/l2frame/hwinv.d’: Permission denied
rm: cannot remove ‘./src/l2frame/lcd.d’: Permission denied
rm: cannot remove ‘./src/l2frame/modbus.d’: Permission denied
rm: cannot remove ‘./src/l2frame/sps232.d’: Permission denied
rm: cannot remove ‘./src/l2frame/sps485.d’: Permission denied
rm: cannot remove ‘./src/l2frame/usbnet.d’: Permission denied
rm: cannot remove ‘./src/l2frame/wifi.d’: Permission denied
rm: cannot remove ‘./src/comvm/configxml.d’: Permission denied
rm: cannot remove ‘./src/comvm/mmc.d’: Permission denied
rm: cannot remove ‘./src/comvm/sysinfo.d’: Permission denied
rm: cannot remove ‘./src/comvm/timer.d’: Permission denied
rm: cannot remove ‘./src/comvm/trace.d’: Permission denied
rm: cannot remove ‘./src/comvm/vmlayer.d’: Permission denied
rm: cannot remove ‘./src/hcu.d’: Permission denied
rm: cannot remove ‘./src/hcuref.d’: Permission denied
rm: cannot remove ‘hcu’: Permission denied
make: [clean] Error 1 (ignored)

00:06:33 Build Finished (took 97ms)

